[debug] ----------------------------------------------------------------------
[debug] Command:      /usr/local/bin/node /usr/local/bin/firebase deploy
[debug] CLI Version:  3.2.0
[debug] Platform:     darwin
[debug] Node Version: v6.9.1
[debug] Time:         Sun Jan 22 2017 15:36:32 GMT+0000 (GMT)
[debug] ----------------------------------------------------------------------
[debug] 
[debug] > command requires scopes: ["email","openid","https://www.googleapis.com/auth/cloudplatformprojects.readonly","https://www.googleapis.com/auth/firebase"]
[debug] > refreshing access token with scopes: ["email","https://www.googleapis.com/auth/cloudplatformprojects.readonly","https://www.googleapis.com/auth/firebase","openid"]
[debug] >>> HTTP REQUEST POST https://www.googleapis.com/oauth2/v3/token
[debug] <<< HTTP RESPONSE 200
[debug] >>> HTTP REQUEST GET https://admin.firebase.com/v1/projects/wtministry-766b6 
[debug] <<< HTTP RESPONSE 200
[debug] >>> HTTP REQUEST GET https://admin.firebase.com/v1/database/wtministry-766b6/tokens 
[debug] <<< HTTP RESPONSE 200
[debug] TypeError: Cannot read property 'processIncomingMessage' of undefined
    at Extensions.processIncomingMessage (/usr/local/lib/node_modules/firebase-tools/node_modules/firebase/node_modules/faye-websocket/node_modules/websocket-driver/node_modules/websocket-extensions/lib/websocket_extensions.js:133:19)
    at Client._emitMessage (/usr/local/lib/node_modules/firebase-tools/node_modules/firebase/node_modules/faye-websocket/node_modules/websocket-driver/lib/websocket/driver/hybi.js:442:22)
    at Client._emitFrame (/usr/local/lib/node_modules/firebase-tools/node_modules/firebase/node_modules/faye-websocket/node_modules/websocket-driver/lib/websocket/driver/hybi.js:405:19)
    at Client.parse (/usr/local/lib/node_modules/firebase-tools/node_modules/firebase/node_modules/faye-websocket/node_modules/websocket-driver/lib/websocket/driver/hybi.js:144:18)
    at Client.parse (/usr/local/lib/node_modules/firebase-tools/node_modules/firebase/node_modules/faye-websocket/node_modules/websocket-driver/lib/websocket/driver/client.js:56:58)
    at IO.write (/usr/local/lib/node_modules/firebase-tools/node_modules/firebase/node_modules/faye-websocket/node_modules/websocket-driver/lib/websocket/streams.js:80:16)
    at TLSSocket.ondata (_stream_readable.js:555:20)
    at emitOne (events.js:96:13)
    at TLSSocket.emit (events.js:188:7)
    at readableAddChunk (_stream_readable.js:176:18)
[error] 
[error] Error: An unexpected error has occurred.
[debug] ----------------------------------------------------------------------
[debug] Command:      /usr/local/bin/node /usr/local/bin/firebase deploy
[debug] CLI Version:  3.2.0
[debug] Platform:     darwin
[debug] Node Version: v6.9.1
[debug] Time:         Sun Jan 22 2017 15:37:30 GMT+0000 (GMT)
[debug] ----------------------------------------------------------------------
[debug] 
[debug] > command requires scopes: ["email","openid","https://www.googleapis.com/auth/cloudplatformprojects.readonly","https://www.googleapis.com/auth/firebase"]
[debug] >>> HTTP REQUEST GET https://admin.firebase.com/v1/projects/wtministry-766b6 
[debug] <<< HTTP RESPONSE 200
[debug] >>> HTTP REQUEST GET https://admin.firebase.com/v1/database/wtministry-766b6/tokens 
[debug] <<< HTTP RESPONSE 200
